<?xml version="1.0" encoding="UTF-8" ?>
<testsuite errors="0" failures="0" hostname="YASHS-LT" name="com.mcnz.FailMeMaybeTest" skipped="0" tests="1" time="0.125" timestamp="2023-01-20T05:52:46">
  <properties>
    <property name="java.vendor" value="Azul Systems, Inc." />
    <property name="sun.java.launcher" value="SUN_STANDARD" />
    <property name="sun.management.compiler" value="HotSpot 64-Bit Tiered Compilers" />
    <property name="maven.build.srcDir.0" value="src/main/java" />
    <property name="os.name" value="Windows 10" />
    <property name="sun.boot.class.path" value="C:\Program Files\Zulu\zulu-8\jre\lib\resources.jar;C:\Program Files\Zulu\zulu-8\jre\lib\rt.jar;C:\Program Files\Zulu\zulu-8\jre\lib\sunrsasign.jar;C:\Program Files\Zulu\zulu-8\jre\lib\jsse.jar;C:\Program Files\Zulu\zulu-8\jre\lib\jce.jar;C:\Program Files\Zulu\zulu-8\jre\lib\charsets.jar;C:\Program Files\Zulu\zulu-8\jre\lib\jfr.jar;C:\Program Files\Zulu\zulu-8\jre\lib\cat.jar;C:\Program Files\Zulu\zulu-8\jre\classes" />
    <property name="sun.desktop" value="windows" />
    <property name="java.vm.specification.vendor" value="Oracle Corporation" />
    <property name="ant.home" value="C:\Users\yash.shambharkar\Tools\apache-ant-1.10.13\bin\.." />
    <property name="java.runtime.version" value="1.8.0_352-b08" />
    <property name="maven.build.resourceDir.0" value="src/main/resources" />
    <property name="project.build.sourceEncoding" value="UTF-8" />
    <property name="user.name" value="yash.shambharkar" />
    <property name="maven.build.outputDir" value="target/classes" />
    <property name="maven.repo.local" value="C:\Users\yash.shambharkar/.m2/repository" />
    <property name="maven.build.finalName" value="roshambo" />
    <property name="maven.build.testDir.0" value="src/test/java" />
    <property name="user.language" value="en" />
    <property name="sun.boot.library.path" value="C:\Program Files\Zulu\zulu-8\jre\bin" />
    <property name="ant.project.default-target" value="package" />
    <property name="maven.reporting.outputDirectory" value="target/site" />
    <property name="ant.project.name" value="roshambo" />
    <property name="java.version" value="1.8.0_352" />
    <property name="user.timezone" value="" />
    <property name="sun.arch.data.model" value="64" />
    <property name="java.endorsed.dirs" value="C:\Program Files\Zulu\zulu-8\jre\lib\endorsed" />
    <property name="sun.cpu.isalist" value="amd64" />
    <property name="sun.jnu.encoding" value="Cp1252" />
    <property name="file.encoding.pkg" value="sun.io" />
    <property name="file.separator" value="\" />
    <property name="java.specification.name" value="Java Platform API Specification" />
    <property name="java.class.version" value="52.0" />
    <property name="user.country" value="IN" />
    <property name="java.home" value="C:\Program Files\Zulu\zulu-8\jre" />
    <property name="java.vm.info" value="mixed mode" />
    <property name="ant.file" value="D:\Demoant\rps-ant-master\build.xml" />
    <property name="os.version" value="10.0" />
    <property name="maven.build.testOutputDir" value="target/test-classes" />
    <property name="maven.compiler.target" value="1.8" />
    <property name="path.separator" value=";" />
    <property name="java.vm.version" value="25.352-b08" />
    <property name="maven.build.dir" value="target" />
    <property name="maven.test.reports" value="target/test-reports" />
    <property name="user.variant" value="" />
    <property name="ant.library.dir" value="C:\Users\yash.shambharkar\Tools\apache-ant-1.10.13\lib" />
    <property name="java.awt.printerjob" value="sun.awt.windows.WPrinterJob" />
    <property name="sun.io.unicode.encoding" value="UnicodeLittle" />
    <property name="java.specification.maintenance.version" value="4" />
    <property name="awt.toolkit" value="sun.awt.windows.WToolkit" />
    <property name="sun.stdout.encoding" value="cp437" />
    <property name="user.script" value="" />
    <property name="project.build.outputDirectory" value="target/classes" />
    <property name="user.home" value="C:\Users\yash.shambharkar" />
    <property name="ant.file.type.roshambo" value="file" />
    <property name="java.specification.vendor" value="Oracle Corporation" />
    <property name="java.library.path" value="C:\Program Files\Zulu\zulu-8\jre\bin;C:\Windows\Sun\Java\bin;C:\Windows\system32;C:\Windows;C:\Program Files\Zulu\zulu-8-jre\bin\;C:\Program Files\Zulu\zulu-8\bin\;C:\Windows\system32;C:\Windows;C:\Windows\System32\Wbem;C:\Windows\System32\WindowsPowerShell\v1.0\;C:\Windows\System32\OpenSSH\;C:\Program Files\TortoiseSVN\bin;JENKINS_HOME;C:\Program Files\Git\cmd;C:\Users\yash.shambharkar\AppData\Local\Programs\Python\Python311;C:\Users\yash.shambharkar\AppData\Local\Programs\Python\Python311\Scripts;C:\Program Files\nodejs\;C:\Users\yash.shambharkar\Tools\apache-ant-1.10.13\bin;C:\Program Files\Zulu\zulu-8\bin\bin;C:\Program Files\MySQL\MySQL Shell 8.0\bin\;C:\Users\yash.shambharkar\AppData\Local\Microsoft\WindowsApps;C:\Users\yash.shambharkar\AppData\Local\Programs\Microsoft VS Code\bin;C:\Users\yash.shambharkar\AppData\Roaming\npm;C:\Program Files\Zulu\zulu-8\bin;;." />
    <property name="java.vendor.url" value="http://www.azul.com/" />
    <property name="maven.settings.offline" value="false" />
    <property name="java.vm.vendor" value="Azul Systems, Inc." />
    <property name="maven.settings.interactiveMode" value="true" />
    <property name="java.runtime.name" value="OpenJDK Runtime Environment" />
    <property name="sun.java.command" value="org.apache.tools.ant.taskdefs.optional.junit.JUnitTestRunner com.mcnz.FailMeMaybeTest skipNonTests=false filtertrace=true haltOnError=true haltOnFailure=true formatter=org.apache.tools.ant.taskdefs.optional.junit.SummaryJUnitResultFormatter showoutput=false outputtoformatters=true logfailedtests=true threadid=0 logtestlistenerevents=false formatter=org.apache.tools.ant.taskdefs.optional.junit.XMLJUnitResultFormatter,D:\Demoant\rps-ant-master\target\test-reports\TEST-com.mcnz.FailMeMaybeTest.xml formatter=org.apache.tools.ant.taskdefs.optional.junit.PlainJUnitResultFormatter crashfile=D:\Demoant\rps-ant-master\junitvmwatcher729481660158304117.properties propsfile=D:\Demoant\rps-ant-master\junit2922018487271220220.properties" />
    <property name="java.class.path" value="C:\Users\yash.shambharkar\.m2\repository\junit\junit\4.13.1\junit-4.13.1.jar;C:\Users\yash.shambharkar\.m2\repository\org\hamcrest\hamcrest-core\1.3\hamcrest-core-1.3.jar;D:\Demoant\rps-ant-master\target\classes;D:\Demoant\rps-ant-master\target\test-classes;C:\Users\yash.shambharkar\Tools\apache-ant-1.10.13\lib\ant-launcher.jar;C:\Users\yash.shambharkar\Tools\apache-ant-1.10.13\lib\ant.jar;C:\Users\yash.shambharkar\Tools\apache-ant-1.10.13\lib\ant-junit.jar;C:\Users\yash.shambharkar\Tools\apache-ant-1.10.13\lib\ant-junit4.jar" />
    <property name="ant.version" value="Apache Ant(TM) version 1.10.13 compiled on January 4 2023" />
    <property name="project.build.directory" value="target" />
    <property name="java.vm.specification.name" value="Java Virtual Machine Specification" />
    <property name="ant.file.type" value="file" />
    <property name="java.vm.specification.version" value="1.8" />
    <property name="sun.cpu.endian" value="little" />
    <property name="sun.os.patch.level" value="" />
    <property name="java.io.tmpdir" value="C:\Users\YASH~1.SHA\AppData\Local\Temp\" />
    <property name="junit.present" value="true" />
    <property name="ant.file.type.roshambo-from-maven" value="file" />
    <property name="ant.file.roshambo-from-maven" value="D:\Demoant\rps-ant-master\maven-build.xml" />
    <property name="java.vendor.url.bug" value="http://www.azul.com/support/" />
    <property name="maven.compiler.source" value="1.8" />
    <property name="maven.build.testResourceDir.0" value="src/test/resources" />
    <property name="java.awt.graphicsenv" value="sun.awt.Win32GraphicsEnvironment" />
    <property name="os.arch" value="amd64" />
    <property name="java.ext.dirs" value="C:\Program Files\Zulu\zulu-8\jre\lib\ext;C:\Windows\Sun\Java\lib\ext" />
    <property name="user.dir" value="D:\Demoant\rps-ant-master" />
    <property name="line.separator" value="&#xd;&#xa;" />
    <property name="java.security.manager" value="allow" />
    <property name="java.vm.name" value="OpenJDK 64-Bit Server VM" />
    <property name="jdk.vendor.version" value="Zulu 8.66.0.15-CA-win64" />
    <property name="basedir" value="." />
    <property name="ant.java.version" value="1.8" />
    <property name="ant.core.lib" value="C:\Users\yash.shambharkar\Tools\apache-ant-1.10.13\lib\ant.jar" />
    <property name="file.encoding" value="Cp1252" />
    <property name="sun.stderr.encoding" value="cp437" />
    <property name="ant.file.roshambo" value="D:\Demoant\rps-ant-master\build.xml" />
    <property name="java.specification.version" value="1.8" />
    <property name="ant.project.invoked-targets" value="package" />
  </properties>
  <testcase classname="com.mcnz.FailMeMaybeTest" name="testMyTrueAssertion" time="0.015" />
  <system-out><![CDATA[]]></system-out>
  <system-err><![CDATA[]]></system-err>
</testsuite>
